
=== Fri Nov 26 20:48:52 2021

Packages were changed.
Update Mode: mergeDefaultDependencies

The following packages were updated:
  com.unity.2d.animation from version 5.0.6 to 5.0.9
  com.unity.2d.psdimporter from version 4.1.0 to 4.1.2
  com.unity.2d.spriteshape from version 5.1.3 to 5.1.5
  com.unity.collab-proxy from version 1.5.7 to 1.15.1
  com.unity.ide.visualstudio from version 2.0.9 to 2.0.11
  com.unity.ide.vscode from version 1.2.3 to 1.2.4
  com.unity.test-framework from version 1.1.27 to 1.1.29

=== Fri Nov 26 22:32:06 2021

Packages were changed.
Update Mode: mergeDefaultDependencies

The following packages were added:
  com.unity.ads@3.4.5
  com.unity.analytics@3.3.5
  com.unity.multiplayer-hlapi@1.0.6
  com.unity.postprocessing@3.0.3
  com.unity.purchasing@2.0.6
  com.unity.xr.legacyinputhelpers@2.1.4
